<?xml version="1.0" encoding="UTF-8"?>
<!-- Generated by org.testng.reporters.JUnitXMLReporter -->
<testsuite ignored="0" hostname="Vibhzzy" failures="0" tests="3" name="Test" time="0.056" errors="0" timestamp="2022-07-07T20:30:37 IST">
  <testcase classname="ListenerStudy.ListenerMethods1" name="TC5" time="0.015"/>
  <testcase classname="ListenerStudy.ListenerMethods1" name="TC6" time="0.0"/>
  <testcase classname="ListenerStudy.ListenerMethods1" name="TC7" time="0.0"/>
</testsuite> <!-- Test -->
