<?xml version="1.0" encoding="UTF-8"?>
<testng-results ignored="0" total="3" passed="3" failed="0" skipped="0">
  <reporter-output>
    <line>
      <![CDATA[TC5 is Running]]>
    </line>
    <line>
      <![CDATA[This passed success]]>
    </line>
    <line>
      <![CDATA[TC6 is Runnng]]>
    </line>
    <line>
      <![CDATA[This passed success]]>
    </line>
    <line>
      <![CDATA[TC7 is Running]]>
    </line>
    <line>
      <![CDATA[This passed success]]>
    </line>
  </reporter-output>
  <suite started-at="2022-07-07T20:30:37 IST" name="Suite" finished-at="2022-07-07T20:30:37 IST" duration-ms="56">
    <groups>
    </groups>
    <test started-at="2022-07-07T20:30:37 IST" name="Test" finished-at="2022-07-07T20:30:37 IST" duration-ms="56">
      <class name="ListenerStudy.ListenerMethods1">
        <test-method signature="TC5()[pri:0, instance:ListenerStudy.ListenerMethods1@5a56cdac]" started-at="2022-07-07T20:30:37 IST" name="TC5" finished-at="2022-07-07T20:30:37 IST" duration-ms="15" status="PASS">
          <reporter-output>
            <line>
              <![CDATA[TC5 is Running]]>
            </line>
            <line>
              <![CDATA[This passed success]]>
            </line>
          </reporter-output>
        </test-method> <!-- TC5 -->
        <test-method signature="TC7()[pri:0, instance:ListenerStudy.ListenerMethods1@5a56cdac]" started-at="2022-07-07T20:30:37 IST" name="TC7" finished-at="2022-07-07T20:30:37 IST" duration-ms="0" status="PASS">
          <reporter-output>
            <line>
              <![CDATA[TC7 is Running]]>
            </line>
            <line>
              <![CDATA[This passed success]]>
            </line>
          </reporter-output>
        </test-method> <!-- TC7 -->
        <test-method signature="TC6()[pri:0, instance:ListenerStudy.ListenerMethods1@5a56cdac]" started-at="2022-07-07T20:30:37 IST" name="TC6" finished-at="2022-07-07T20:30:37 IST" duration-ms="0" status="PASS">
          <reporter-output>
            <line>
              <![CDATA[TC6 is Runnng]]>
            </line>
            <line>
              <![CDATA[This passed success]]>
            </line>
          </reporter-output>
        </test-method> <!-- TC6 -->
      </class> <!-- ListenerStudy.ListenerMethods1 -->
    </test> <!-- Test -->
  </suite> <!-- Suite -->
</testng-results>
